<?xml version="1.0" encoding="UTF-8"?>
<testng-results skipped="0" failed="0" total="1" passed="1">
  <reporter-output>
  </reporter-output>
  <suite name="Default suite" duration-ms="891" started-at="2019-07-22T09:54:03Z" finished-at="2019-07-22T09:54:03Z">
    <groups>
    </groups>
    <test name="Default test" duration-ms="891" started-at="2019-07-22T09:54:03Z" finished-at="2019-07-22T09:54:03Z">
      <class name="code.ReadingData">
        <test-method status="PASS" signature="readExcelData()[pri:0, instance:code.ReadingData@13b6d03]" name="readExcelData" duration-ms="875" started-at="2019-07-22T15:24:03Z" finished-at="2019-07-22T15:24:03Z">
          <reporter-output>
          </reporter-output>
        </test-method> <!-- readExcelData -->
      </class> <!-- code.ReadingData -->
    </test> <!-- Default test -->
  </suite> <!-- Default suite -->
</testng-results>
